2014/09/30 18:10:13 [error] [exception.CHttpException.403] exception 'CHttpException' with message 'You are not authorized to perform this action.' in /home/maestro/projects/yii/framework/web/auth/CAccessControlFilter.php:182
Stack trace:
#0 /home/maestro/projects/yii/framework/web/auth/CAccessControlFilter.php(145): CAccessControlFilter->accessDenied(Object(CWebUser), 'You are not aut...')
#1 /home/maestro/projects/yii/framework/web/filters/CFilter.php(38): CAccessControlFilter->preFilter(Object(CFilterChain))
#2 /home/maestro/projects/yii/framework/web/CController.php(1145): CFilter->filter(Object(CFilterChain))
#3 /home/maestro/projects/yii/framework/web/filters/CInlineFilter.php(58): CController->filterAccessControl(Object(CFilterChain))
#4 /home/maestro/projects/yii/framework/web/filters/CFilterChain.php(130): CInlineFilter->filter(Object(CFilterChain))
#5 /home/maestro/projects/yii/framework/web/CController.php(291): CFilterChain->run()
#6 /home/maestro/projects/yii/framework/web/CController.php(265): CController->runActionWithFilters(Object(CInlineAction), Array)
#7 /home/maestro/projects/yii/framework/web/CWebApplication.php(282): CController->run('admin')
#8 /home/maestro/projects/yii/framework/web/CWebApplication.php(141): CWebApplication->runController('user/admin')
#9 /home/maestro/projects/yii/framework/base/CApplication.php(180): CWebApplication->processRequest()
#10 /home/maestro/projects/yiitest/index.php(13): CApplication->run()
#11 {main}
REQUEST_URI=/index.php?r=user/admin
HTTP_REFERER=http://local.yii/index.php?r=user/create
---
2014/10/06 17:06:13 [error] [system.db.CDbCommand] CDbCommand::fetchAll() failed: SQLSTATE[42S02]: Base table or view not found: 1146 Table 'testdrive.tbl_user' doesn't exist. The SQL statement executed was: SHOW FULL COLUMNS FROM `tbl_user`.
in /home/maestro/projects/yiitest/protected/views/user/index.php (20)
in /home/maestro/projects/yiitest/protected/controllers/UserController.php (128)
in /home/maestro/projects/yiitest/index.php (13)
2014/10/06 17:06:13 [error] [exception.CDbException] exception 'CDbException' with message 'The table "tbl_user" for active record class "User" cannot be found in the database.' in /home/maestro/projects/yii/framework/db/ar/CActiveRecord.php:2362
Stack trace:
#0 /home/maestro/projects/yii/framework/db/ar/CActiveRecord.php(411): CActiveRecordMetaData->__construct(Object(User))
#1 /home/maestro/projects/yii/framework/db/ar/CActiveRecord.php(658): CActiveRecord->getMetaData()
#2 /home/maestro/projects/yii/framework/db/ar/CActiveRecord.php(1601): CActiveRecord->getTableSchema()
#3 /home/maestro/projects/yii/framework/web/CActiveDataProvider.php(228): CActiveRecord->count(Object(CDbCriteria))
#4 /home/maestro/projects/yii/framework/web/CDataProvider.php(224): CActiveDataProvider->calculateTotalItemCount()
#5 /home/maestro/projects/yii/framework/web/CActiveDataProvider.php(178): CDataProvider->getTotalItemCount()
#6 /home/maestro/projects/yii/framework/web/CDataProvider.php(168): CActiveDataProvider->fetchData()
#7 /home/maestro/projects/yii/framework/zii/widgets/CBaseListView.php(111): CDataProvider->getData()
#8 /home/maestro/projects/yii/framework/zii/widgets/CListView.php(211): CBaseListView->init()
#9 /home/maestro/projects/yii/framework/web/CBaseController.php(147): CListView->init()
#10 /home/maestro/projects/yii/framework/web/CBaseController.php(172): CBaseController->createWidget('zii.widgets.CLi...', Array)
#11 /home/maestro/projects/yiitest/protected/views/user/index.php(20): CBaseController->widget('zii.widgets.CLi...', Array)
#12 /home/maestro/projects/yii/framework/web/CBaseController.php(126): require('/home/maestro/p...')
#13 /home/maestro/projects/yii/framework/web/CBaseController.php(95): CBaseController->renderInternal('/home/maestro/p...', Array, true)
#14 /home/maestro/projects/yii/framework/web/CController.php(869): CBaseController->renderFile('/home/maestro/p...', Array, true)
#15 /home/maestro/projects/yii/framework/web/CController.php(782): CController->renderPartial('index', Array, true)
#16 /home/maestro/projects/yiitest/protected/controllers/UserController.php(128): CController->render('index', Array)
#17 /home/maestro/projects/yii/framework/web/actions/CInlineAction.php(49): UserController->actionIndex()
#18 /home/maestro/projects/yii/framework/web/CController.php(308): CInlineAction->runWithParams(Array)
#19 /home/maestro/projects/yii/framework/web/filters/CFilterChain.php(133): CController->runAction(Object(CInlineAction))
#20 /home/maestro/projects/yii/framework/web/filters/CFilter.php(40): CFilterChain->run()
#21 /home/maestro/projects/yii/framework/web/CController.php(1145): CFilter->filter(Object(CFilterChain))
#22 /home/maestro/projects/yii/framework/web/filters/CInlineFilter.php(58): CController->filterAccessControl(Object(CFilterChain))
#23 /home/maestro/projects/yii/framework/web/filters/CFilterChain.php(130): CInlineFilter->filter(Object(CFilterChain))
#24 /home/maestro/projects/yii/framework/web/CController.php(291): CFilterChain->run()
#25 /home/maestro/projects/yii/framework/web/CController.php(265): CController->runActionWithFilters(Object(CInlineAction), Array)
#26 /home/maestro/projects/yii/framework/web/CWebApplication.php(282): CController->run('')
#27 /home/maestro/projects/yii/framework/web/CWebApplication.php(141): CWebApplication->runController('user')
#28 /home/maestro/projects/yii/framework/base/CApplication.php(180): CWebApplication->processRequest()
#29 /home/maestro/projects/yiitest/index.php(13): CApplication->run()
#30 {main}
REQUEST_URI=/index.php?r=user
HTTP_REFERER=http://local.yii/index.php
---
2014/10/06 18:36:52 [error] [exception.CHttpException.404] exception 'CHttpException' with message 'Unable to resolve the request "subjects/some/index".' in /home/maestro/projects/yii/framework/web/CWebApplication.php:286
Stack trace:
#0 /home/maestro/projects/yii/framework/web/CWebApplication.php(141): CWebApplication->runController('subjects/some/i...')
#1 /home/maestro/projects/yii/framework/base/CApplication.php(180): CWebApplication->processRequest()
#2 /home/maestro/projects/yiitest/index.php(13): CApplication->run()
#3 {main}
REQUEST_URI=/index.php?r=subjects/some/index
---
2014/10/06 18:41:34 [error] [php] Undefined variable: input_num (/home/maestro/projects/yiitest/protected/views/subject/some/index.php:10)
Stack trace:
#0 /home/maestro/projects/yii/framework/web/CController.php(869): SomeController->renderFile()
#1 /home/maestro/projects/yii/framework/web/CController.php(782): SomeController->renderPartial()
#2 /home/maestro/projects/yiitest/protected/controllers/subject/SomeController.php(10): SomeController->render()
#3 unknown(0): SomeController->actionIndex()
#4 /home/maestro/projects/yii/framework/web/actions/CAction.php(108): ReflectionMethod->invokeArgs()
#5 /home/maestro/projects/yii/framework/web/actions/CInlineAction.php(47): CInlineAction->runWithParamsInternal()
#6 /home/maestro/projects/yii/framework/web/CController.php(308): CInlineAction->runWithParams()
#7 /home/maestro/projects/yii/framework/web/CController.php(286): SomeController->runAction()
#8 /home/maestro/projects/yii/framework/web/CController.php(265): SomeController->runActionWithFilters()
#9 /home/maestro/projects/yii/framework/web/CWebApplication.php(282): SomeController->run()
#10 /home/maestro/projects/yii/framework/web/CWebApplication.php(141): CWebApplication->runController()
#11 /home/maestro/projects/yii/framework/base/CApplication.php(180): CWebApplication->processRequest()
#12 /home/maestro/projects/yiitest/index.php(13): CWebApplication->run()
REQUEST_URI=/index.php?r=subject/some/index
in /home/maestro/projects/yiitest/protected/views/subject/some/index.php (10)
in /home/maestro/projects/yiitest/protected/controllers/subject/SomeController.php (10)
in /home/maestro/projects/yiitest/index.php (13)
2014/10/06 19:44:58 [error] [php] Object of class User could not be converted to string (/home/maestro/projects/yiitest/protected/views/subject/some/index.php:10)
Stack trace:
#0 /home/maestro/projects/yii/framework/web/CController.php(869): SomeController->renderFile()
#1 /home/maestro/projects/yii/framework/web/CController.php(782): SomeController->renderPartial()
#2 /home/maestro/projects/yiitest/protected/controllers/subject/SomeController.php(10): SomeController->render()
#3 unknown(0): SomeController->actionIndex()
#4 /home/maestro/projects/yii/framework/web/actions/CAction.php(108): ReflectionMethod->invokeArgs()
#5 /home/maestro/projects/yii/framework/web/actions/CInlineAction.php(47): CInlineAction->runWithParamsInternal()
#6 /home/maestro/projects/yii/framework/web/CController.php(308): CInlineAction->runWithParams()
#7 /home/maestro/projects/yii/framework/web/CController.php(286): SomeController->runAction()
#8 /home/maestro/projects/yii/framework/web/CController.php(265): SomeController->runActionWithFilters()
#9 /home/maestro/projects/yii/framework/web/CWebApplication.php(282): SomeController->run()
#10 /home/maestro/projects/yii/framework/web/CWebApplication.php(141): CWebApplication->runController()
#11 /home/maestro/projects/yii/framework/base/CApplication.php(180): CWebApplication->processRequest()
#12 /home/maestro/projects/yiitest/index.php(13): CWebApplication->run()
REQUEST_URI=/index.php?r=subject/some/index&num=16
in /home/maestro/projects/yiitest/protected/views/subject/some/index.php (10)
in /home/maestro/projects/yiitest/protected/controllers/subject/SomeController.php (10)
in /home/maestro/projects/yiitest/index.php (13)
2014/10/06 19:45:08 [error] [exception.CException] exception 'CException' with message 'Property "User.name" is not defined.' in /home/maestro/projects/yii/framework/base/CComponent.php:130
Stack trace:
#0 /home/maestro/projects/yii/framework/db/ar/CActiveRecord.php(145): CComponent->__get('name')
#1 /home/maestro/projects/yiitest/protected/views/subject/some/index.php(11): CActiveRecord->__get('name')
#2 /home/maestro/projects/yii/framework/web/CBaseController.php(126): require('/home/maestro/p...')
#3 /home/maestro/projects/yii/framework/web/CBaseController.php(95): CBaseController->renderInternal('/home/maestro/p...', Array, true)
#4 /home/maestro/projects/yii/framework/web/CController.php(869): CBaseController->renderFile('/home/maestro/p...', Array, true)
#5 /home/maestro/projects/yii/framework/web/CController.php(782): CController->renderPartial('index', Array, true)
#6 /home/maestro/projects/yiitest/protected/controllers/subject/SomeController.php(10): CController->render('index', Array)
#7 [internal function]: SomeController->actionIndex('16')
#8 /home/maestro/projects/yii/framework/web/actions/CAction.php(108): ReflectionMethod->invokeArgs(Object(SomeController), Array)
#9 /home/maestro/projects/yii/framework/web/actions/CInlineAction.php(47): CAction->runWithParamsInternal(Object(SomeController), Object(ReflectionMethod), Array)
#10 /home/maestro/projects/yii/framework/web/CController.php(308): CInlineAction->runWithParams(Array)
#11 /home/maestro/projects/yii/framework/web/CController.php(286): CController->runAction(Object(CInlineAction))
#12 /home/maestro/projects/yii/framework/web/CController.php(265): CController->runActionWithFilters(Object(CInlineAction), Array)
#13 /home/maestro/projects/yii/framework/web/CWebApplication.php(282): CController->run('index')
#14 /home/maestro/projects/yii/framework/web/CWebApplication.php(141): CWebApplication->runController('subject/some/in...')
#15 /home/maestro/projects/yii/framework/base/CApplication.php(180): CWebApplication->processRequest()
#16 /home/maestro/projects/yiitest/index.php(13): CApplication->run()
#17 {main}
REQUEST_URI=/index.php?r=subject/some/index&num=16
HTTP_REFERER=http://local.yii/index.php?r=subject/some/index&num=2
---
